0 info it worked if it ends with ok
1 verbose cli [ '/usr/local/bin/node', '/usr/local/bin/npm', 'publish' ]
2 info using npm@3.9.3
3 info using node@v6.2.1
4 verbose publish [ '.' ]
5 silly cache add args [ '.', null ]
6 verbose cache add spec .
7 silly cache add parsed spec Result {
7 silly cache add   raw: '.',
7 silly cache add   scope: null,
7 silly cache add   name: null,
7 silly cache add   rawSpec: '.',
7 silly cache add   spec: '/Users/tinker/Projects/ggj2017/game',
7 silly cache add   type: 'directory' }
8 verbose addLocalDirectory /Users/tinker/.npm/shark-laser/1.0.2/package.tgz not in flight; packing
9 verbose correctMkdir /Users/tinker/.npm correctMkdir not in flight; initializing
10 info lifecycle shark-laser@1.0.2~prepublish: shark-laser@1.0.2
11 silly lifecycle shark-laser@1.0.2~prepublish: no script for prepublish, continuing
12 verbose tar pack [ '/Users/tinker/.npm/shark-laser/1.0.2/package.tgz',
12 verbose tar pack   '/Users/tinker/Projects/ggj2017/game' ]
13 verbose tarball /Users/tinker/.npm/shark-laser/1.0.2/package.tgz
14 verbose folder /Users/tinker/Projects/ggj2017/game
15 verbose addLocalTarball adding from inside cache /Users/tinker/.npm/shark-laser/1.0.2/package.tgz
16 verbose correctMkdir /Users/tinker/.npm correctMkdir not in flight; initializing
17 silly cache afterAdd shark-laser@1.0.2
18 verbose afterAdd /Users/tinker/.npm/shark-laser/1.0.2/package/package.json not in flight; writing
19 verbose correctMkdir /Users/tinker/.npm correctMkdir not in flight; initializing
20 verbose afterAdd /Users/tinker/.npm/shark-laser/1.0.2/package/package.json written
21 silly publish { name: 'shark-laser',
21 silly publish   version: '1.0.2',
21 silly publish   description: 'Created for the Global Game Jam 2017.',
21 silly publish   main: 'shark-laser.js',
21 silly publish   scripts: { test: 'echo "Error: no test specified" && exit 1' },
21 silly publish   repository:
21 silly publish    { type: 'git',
21 silly publish      url: 'git+https://github.com/secretsignal/ggj2017.git' },
21 silly publish   keywords: [ 'sharks', 'lasers', 'terminal', 'node', 'npm' ],
21 silly publish   author: { name: 'Nicholas Wagner' },
21 silly publish   license: 'ISC',
21 silly publish   bugs: { url: 'https://github.com/secretsignal/ggj2017/issues' },
21 silly publish   homepage: 'https://github.com/secretsignal/ggj2017#readme',
21 silly publish   dependencies: { ansi: '^0.3.1' },
21 silly publish   readme: '# Shark Laser!\n\nHuge thank you to Mahdi Dibaiee for sharing his original node-games project.\n\nThis is a dirty hack of his excellent node-games project.\nIf this game catches anyone\'s attention I recommend checking out his project: https://github.com/mdibaiee/node-games\n\n# To Use:\n``` javascript\n    npm install -g shark-laser\n\n    node shark-laser\n```',
21 silly publish   readmeFilename: 'README.md',
21 silly publish   gitHead: '30bcafdc9d1259ed217eeda8787f84ad73711565',
21 silly publish   _id: 'shark-laser@1.0.2',
21 silly publish   _shasum: '0c3ffded9277d39717cea2772b5caa1aa8ba22ee',
21 silly publish   _from: '.' }
22 verbose getPublishConfig undefined
23 silly mapToRegistry name shark-laser
24 silly mapToRegistry using default registry
25 silly mapToRegistry registry https://registry.npmjs.org/
26 silly mapToRegistry data Result {
26 silly mapToRegistry   raw: 'shark-laser',
26 silly mapToRegistry   scope: null,
26 silly mapToRegistry   name: 'shark-laser',
26 silly mapToRegistry   rawSpec: '',
26 silly mapToRegistry   spec: 'latest',
26 silly mapToRegistry   type: 'tag' }
27 silly mapToRegistry uri https://registry.npmjs.org/shark-laser
28 verbose publish registryBase https://registry.npmjs.org/
29 silly publish uploading /Users/tinker/.npm/shark-laser/1.0.2/package.tgz
30 verbose request uri https://registry.npmjs.org/shark-laser
31 verbose request sending authorization for write operation
32 info attempt registry request try #1 at 6:53:29 PM
33 verbose request using bearer token for auth
34 verbose request id a864c5a5004d0fb8
35 http request PUT https://registry.npmjs.org/shark-laser
36 http 403 https://registry.npmjs.org/shark-laser
37 verbose headers { 'content-type': 'application/json',
37 verbose headers   'cache-control': 'max-age=300',
37 verbose headers   'content-length': '95',
37 verbose headers   'accept-ranges': 'bytes',
37 verbose headers   date: 'Sun, 22 Jan 2017 00:53:30 GMT',
37 verbose headers   via: '1.1 varnish',
37 verbose headers   connection: 'keep-alive',
37 verbose headers   'x-served-by': 'cache-atl6251-ATL',
37 verbose headers   'x-cache': 'MISS',
37 verbose headers   'x-cache-hits': '0',
37 verbose headers   'x-timer': 'S1485046410.009768,VS0,VE790',
37 verbose headers   vary: 'Accept-Encoding' }
38 verbose request invalidating /Users/tinker/.npm/registry.npmjs.org/shark-laser on PUT
39 error publish Failed PUT 403
40 verbose stack Error: "You cannot publish over the previously published version 1.0.2." : shark-laser
40 verbose stack     at makeError (/usr/local/lib/node_modules/npm/node_modules/npm-registry-client/lib/request.js:264:12)
40 verbose stack     at CachingRegistryClient.<anonymous> (/usr/local/lib/node_modules/npm/node_modules/npm-registry-client/lib/request.js:252:14)
40 verbose stack     at Request._callback (/usr/local/lib/node_modules/npm/node_modules/npm-registry-client/lib/request.js:172:14)
40 verbose stack     at Request.self.callback (/usr/local/lib/node_modules/npm/node_modules/request/request.js:200:22)
40 verbose stack     at emitTwo (events.js:106:13)
40 verbose stack     at Request.emit (events.js:191:7)
40 verbose stack     at Request.<anonymous> (/usr/local/lib/node_modules/npm/node_modules/request/request.js:1067:10)
40 verbose stack     at emitOne (events.js:101:20)
40 verbose stack     at Request.emit (events.js:188:7)
40 verbose stack     at IncomingMessage.<anonymous> (/usr/local/lib/node_modules/npm/node_modules/request/request.js:988:12)
41 verbose statusCode 403
42 verbose pkgid shark-laser
43 verbose cwd /Users/tinker/Projects/ggj2017/game
44 error Darwin 16.1.0
45 error argv "/usr/local/bin/node" "/usr/local/bin/npm" "publish"
46 error node v6.2.1
47 error npm  v3.9.3
48 error code E403
49 error "You cannot publish over the previously published version 1.0.2." : shark-laser
50 error If you need help, you may report this error at:
50 error     <https://github.com/npm/npm/issues>
51 verbose exit [ 1, true ]
